<?xml version="1.0" encoding="UTF-8"?>
<!-- Generated by org.testng.reporters.JUnitXMLReporter -->
<testsuite hostname="UDE-CGIs-MacBook-Air.local" ignored="10" name="AllTests" tests="20" failures="0" timestamp="2020-09-04T17:39:59 IST" time="4332.403" errors="0">
  <testcase name="disableMessageByEmail" time="430.4" classname="com.ude.portalen.testcases.TC_Settings_Enable_MsgByEmail_TC003"/>
  <testcase name="sendAMessageToMultipleStudents" time="157.51" classname="com.ude.portalen.testcases.TC_SendMsg_TwoStudents_TC009"/>
  <testcase name="send_Receive_New_Message_with_Spørsmål" time="356.491" classname="com.ude.portalen.testcases.TC_SendMsg_Svar_Av_Sporsmal_TC003"/>
  <testcase name="sendAndVerifySporsmalReply" time="485.13" classname="com.ude.portalen.testcases.TC_SendMsg_Sporsmal_Reply_NEI_TC005"/>
  <testcase name="sendAndVerifySporsmalReply" time="479.903" classname="com.ude.portalen.testcases.TC_SendMsg_Sporsmal_Reply_JA_TC006"/>
  <testcase name="send_reply_from_teacher_to_student" time="107.74" classname="com.ude.portalen.testcases.TC_UDEMA_1990_TC001"/>
  <testcase name="send_Receive_New_Message_with_Svar_Av" time="113.935" classname="com.ude.portalen.testcases.TC_UDEMA_1986_TC003"/>
  <testcase name="send_Receive_New_Message_to_Teacher" time="106.231" classname="com.ude.portalen.testcases.TC_UDEMA_1986_TC002"/>
  <testcase name="send_Receive_New_Message_to_Teacher" time="113.183" classname="com.ude.portalen.testcases.TC_UDEMA_1984_TC006"/>
  <testcase name="send_Receive_New_SMS_melding" time="340.868" classname="com.ude.portalen.testcases.TC_UDEMA_1984_TC004"/>
  <testcase name="select_avsender_multiple_contact_home" time="113.171" classname="com.ude.portalen.testcases.TC_UDEMA_Filter"/>
  <testcase name="select_avsender_single_contact_arkiv_mottatt" time="119.568" classname="com.ude.portalen.testcases.TC_UDEMA_Filter"/>
  <testcase name="select_avsender_single_contact_home" time="111.49" classname="com.ude.portalen.testcases.TC_UDEMA_Filter"/>
  <testcase name="select_foresatte_icon_contact_home" time="150.843" classname="com.ude.portalen.testcases.TC_UDEMA_Filter"/>
  <testcase name="select_sporsmal_avsender_multiple_contact_arkiv_mottatt" time="328.853" classname="com.ude.portalen.testcases.TC_UDEMA_Filter"/>
  <testcase name="select_student_icon_contact_home" time="147.309" classname="com.ude.portalen.testcases.TC_UDEMA_Filter"/>
  <testcase name="select_uleste_meldinger_avsender_multiple_contact_arkiv_mottatt" time="127.732" classname="com.ude.portalen.testcases.TC_UDEMA_Filter"/>
  <testcase name="select_uleste_meldinger_avsender_single_contact_arkiv_mottatt" time="123.261" classname="com.ude.portalen.testcases.TC_UDEMA_Filter"/>
  <testcase name="add_remove_add_contact" time="256.307" classname="com.ude.portalen.testcases.TC_UDEMA_Contacts"/>
  <testcase name="add_remove_contact" time="161.933" classname="com.ude.portalen.testcases.TC_UDEMA_Contacts"/>
  <testcase name="select_Uleste_meldinger_sporsmal_home" time="0.0" classname="com.ude.portalen.testcases.TC_UDEMA_Filter">
    <ignored/>
  </testcase> <!-- select_Uleste_meldinger_sporsmal_home -->
  <testcase name="select_sporsmal_arkiv_mottatt" time="0.0" classname="com.ude.portalen.testcases.TC_UDEMA_Filter">
    <ignored/>
  </testcase> <!-- select_sporsmal_arkiv_mottatt -->
  <testcase name="select_single_contact_arkiv_sendt" time="0.0" classname="com.ude.portalen.testcases.TC_UDEMA_Filter">
    <ignored/>
  </testcase> <!-- select_single_contact_arkiv_sendt -->
  <testcase name="select_single_contact_arkiv_mottatt" time="0.0" classname="com.ude.portalen.testcases.TC_UDEMA_Filter">
    <ignored/>
  </testcase> <!-- select_single_contact_arkiv_mottatt -->
  <testcase name="select_Uleste_meldinger_arkiv_mottatt" time="0.0" classname="com.ude.portalen.testcases.TC_UDEMA_Filter">
    <ignored/>
  </testcase> <!-- select_Uleste_meldinger_arkiv_mottatt -->
  <testcase name="select_Uleste_meldinger_sporsmal_arkiv_mottatt" time="0.0" classname="com.ude.portalen.testcases.TC_UDEMA_Filter">
    <ignored/>
  </testcase> <!-- select_Uleste_meldinger_sporsmal_arkiv_mottatt -->
  <testcase name="select_sporsmal_avsender_single_contact_arkiv_mottatt" time="0.0" classname="com.ude.portalen.testcases.TC_UDEMA_Filter">
    <ignored/>
  </testcase> <!-- select_sporsmal_avsender_single_contact_arkiv_mottatt -->
  <testcase name="select_sporsmal_arkiv" time="0.0" classname="com.ude.portalen.testcases.TC_UDEMA_Filter">
    <ignored/>
  </testcase> <!-- select_sporsmal_arkiv -->
  <testcase name="select_sporsmal_home" time="0.0" classname="com.ude.portalen.testcases.TC_UDEMA_Filter">
    <ignored/>
  </testcase> <!-- select_sporsmal_home -->
  <testcase name="select_Uleste_meldinger_home" time="0.0" classname="com.ude.portalen.testcases.TC_UDEMA_Filter">
    <ignored/>
  </testcase> <!-- select_Uleste_meldinger_home -->
</testsuite> <!-- AllTests -->
