<?xml version="1.0" encoding="UTF-8"?>
<!-- Generated by org.testng.reporters.JUnitXMLReporter -->
<testsuite hostname="UDE-CGIs-MacBook-Air.local" ignored="0" name="Test" tests="14" failures="2" timestamp="2020-05-26T16:43:14 IST" time="2336.21" errors="0">
  <testcase name="login_As_Parent" time="96.134" classname="com.ude.portalen.testcases.TC_UDEMA_1989"/>
  <testcase name="login_As_Student" time="88.093" classname="com.ude.portalen.testcases.TC_UDEMA_1989"/>
  <testcase name="login_As_Teacher" time="86.839" classname="com.ude.portalen.testcases.TC_UDEMA_1989"/>
  <testcase name="send_Receive_New_Msg_Parent_to_Teacher" time="108.919" classname="com.ude.portalen.testcases.TC_UDEMA_1986"/>
  <testcase name="send_Receive_New_Message_to_Teacher" time="105.259" classname="com.ude.portalen.testcases.TC_UDEMA_1986"/>
  <testcase name="send_Receive_New_Message_with_Svar_Av" time="124.702" classname="com.ude.portalen.testcases.TC_UDEMA_1986"/>
  <testcase name="send_Absence_Msg_To_Teacher" time="92.939" classname="com.ude.portalen.testcases.TC_UDEMA_1987">
    <failure type="org.openqa.selenium.NoSuchSessionException" message="Session ID is null. Using WebDriver after calling quit()?
Build info: version: &amp;apos;3.12.0&amp;apos;, revision: &amp;apos;7c6e0b3&amp;apos;, time: &amp;apos;2018-05-08T14:04:26.12Z&amp;apos;
System info: host: &amp;apos;UDE-CGIs-MacBook-Air.local&amp;apos;, ip: &amp;apos;fd58:bad4:8bc6:9200:bdb4:7dcb:c466:5c8e%en0&amp;apos;, os.name: &amp;apos;Mac OS X&amp;apos;, os.arch: &amp;apos;x86_64&amp;apos;, os.version: &amp;apos;10.14.5&amp;apos;, java.version: &amp;apos;1.8.0_241&amp;apos;
Driver info: driver.version: RemoteWebDriver">
      <![CDATA[org.openqa.selenium.NoSuchSessionException: Session ID is null. Using WebDriver after calling quit()?
Build info: version: '3.12.0', revision: '7c6e0b3', time: '2018-05-08T14:04:26.12Z'
System info: host: 'UDE-CGIs-MacBook-Air.local', ip: 'fd58:bad4:8bc6:9200:bdb4:7dcb:c466:5c8e%en0', os.name: 'Mac OS X', os.arch: 'x86_64', os.version: '10.14.5', java.version: '1.8.0_241'
Driver info: driver.version: RemoteWebDriver
at org.openqa.selenium.remote.HttpCommandExecutor.execute(HttpCommandExecutor.java:125)
at io.appium.java_client.remote.AppiumCommandExecutor.execute(AppiumCommandExecutor.java:231)
at org.openqa.selenium.remote.RemoteWebDriver.execute(RemoteWebDriver.java:543)
at io.appium.java_client.DefaultGenericMobileDriver.execute(DefaultGenericMobileDriver.java:46)
at io.appium.java_client.AppiumDriver.execute(AppiumDriver.java:1)
at io.appium.java_client.android.AndroidDriver.execute(AndroidDriver.java:1)
at org.openqa.selenium.remote.RemoteWebDriver.getScreenshotAs(RemoteWebDriver.java:289)
at com.ude.portalen.generic.Base_Class.captureScreenExtent(Base_Class.java:166)
at com.ude.portalen.testcases.TC_UDEMA_1987.send_Absence_Msg_To_Teacher(TC_UDEMA_1987.java:142)
at java.util.ArrayList.forEach(ArrayList.java:1257)
... Removed 27 stack frames]]>
    </failure>
  </testcase> <!-- send_Absence_Msg_To_Teacher -->
  <testcase name="send_Receive_New_Message_to_Teacher" time="203.225" classname="com.ude.portalen.testcases.TC_UDEMA_1984"/>
  <testcase name="send_Receive_New_Message_with_Lesebekreftelse" time="239.453" classname="com.ude.portalen.testcases.TC_UDEMA_1984"/>
  <testcase name="send_Receive_New_Message_with_Spørsmål" time="245.094" classname="com.ude.portalen.testcases.TC_UDEMA_1984"/>
  <testcase name="send_Receive_New_Message_with_Svar_Av" time="344.557" classname="com.ude.portalen.testcases.TC_UDEMA_1984"/>
  <testcase name="send_Receive_New_Msg_Parent_to_Teacher" time="103.938" classname="com.ude.portalen.testcases.TC_UDEMA_1984">
    <failure type="org.openqa.selenium.NoSuchSessionException" message="Session ID is null. Using WebDriver after calling quit()?
Build info: version: &amp;apos;3.12.0&amp;apos;, revision: &amp;apos;7c6e0b3&amp;apos;, time: &amp;apos;2018-05-08T14:04:26.12Z&amp;apos;
System info: host: &amp;apos;UDE-CGIs-MacBook-Air.local&amp;apos;, ip: &amp;apos;fd58:bad4:8bc6:9200:bdb4:7dcb:c466:5c8e%en0&amp;apos;, os.name: &amp;apos;Mac OS X&amp;apos;, os.arch: &amp;apos;x86_64&amp;apos;, os.version: &amp;apos;10.14.5&amp;apos;, java.version: &amp;apos;1.8.0_241&amp;apos;
Driver info: driver.version: RemoteWebDriver">
      <![CDATA[org.openqa.selenium.NoSuchSessionException: Session ID is null. Using WebDriver after calling quit()?
Build info: version: '3.12.0', revision: '7c6e0b3', time: '2018-05-08T14:04:26.12Z'
System info: host: 'UDE-CGIs-MacBook-Air.local', ip: 'fd58:bad4:8bc6:9200:bdb4:7dcb:c466:5c8e%en0', os.name: 'Mac OS X', os.arch: 'x86_64', os.version: '10.14.5', java.version: '1.8.0_241'
Driver info: driver.version: RemoteWebDriver
at org.openqa.selenium.remote.HttpCommandExecutor.execute(HttpCommandExecutor.java:125)
at io.appium.java_client.remote.AppiumCommandExecutor.execute(AppiumCommandExecutor.java:231)
at org.openqa.selenium.remote.RemoteWebDriver.execute(RemoteWebDriver.java:543)
at io.appium.java_client.DefaultGenericMobileDriver.execute(DefaultGenericMobileDriver.java:46)
at io.appium.java_client.AppiumDriver.execute(AppiumDriver.java:1)
at io.appium.java_client.android.AndroidDriver.execute(AndroidDriver.java:1)
at org.openqa.selenium.remote.RemoteWebDriver.getScreenshotAs(RemoteWebDriver.java:289)
at com.ude.portalen.generic.Base_Class.captureScreenExtent(Base_Class.java:166)
at com.ude.portalen.testcases.TC_UDEMA_1984.send_Receive_New_Msg_Parent_to_Teacher(TC_UDEMA_1984.java:1023)
at java.util.ArrayList.forEach(ArrayList.java:1257)
... Removed 27 stack frames]]>
    </failure>
  </testcase> <!-- send_Receive_New_Msg_Parent_to_Teacher -->
  <testcase name="send_Receive_New_SMS_melding" time="369.356" classname="com.ude.portalen.testcases.TC_UDEMA_1984"/>
  <testcase name="send_Receive_New_SMS_versal" time="127.186" classname="com.ude.portalen.testcases.TC_UDEMA_1984"/>
</testsuite> <!-- Test -->
