<?xml version="1.0" encoding="UTF-8"?>
<!-- Generated by org.testng.reporters.JUnitXMLReporter -->
<testsuite hostname="Manjunaths-MacBook-Air.local" ignored="2" name="Default test" tests="1" failures="0" timestamp="2020-06-18T17:11:36 IST" time="202.781" errors="0">
  <testcase name="Student_Receive_Push_Notification" time="202.203" classname="com.ude.portalen.testcases.TC_UDEMA_1983"/>
  <testcase name="Parent_Receive_Push_Notification" time="0.0" classname="com.ude.portalen.testcases.TC_UDEMA_1983">
    <ignored/>
  </testcase> <!-- Parent_Receive_Push_Notification -->
  <testcase name="teacher_Receive_Push_Notification" time="0.0" classname="com.ude.portalen.testcases.TC_UDEMA_1983">
    <ignored/>
  </testcase> <!-- teacher_Receive_Push_Notification -->
</testsuite> <!-- Default test -->
