<?xml version="1.0" encoding="UTF-8"?>
<!-- Generated by org.testng.reporters.JUnitXMLReporter -->
<testsuite hostname="Manjunaths-MacBook-Air.local" ignored="2" name="Notifications" tests="3" failures="2" timestamp="2020-06-24T10:17:03 IST" time="240.345" errors="0">
  <testcase name="send_Receive_New_Msg_Parent_to_Teacher" time="54.203" classname="com.ude.portalen.testcases.TC_UDEMA_1984_TC007">
    <failure type="java.lang.NullPointerException">
      <![CDATA[java.lang.NullPointerException
at com.ude.portalen.generic.Base_Class.captureScreenExtent(Base_Class.java:201)
at com.ude.portalen.testcases.TC_UDEMA_1984_TC007.send_Receive_New_Msg_Parent_to_Teacher(TC_UDEMA_1984_TC007.java:123)
at java.util.ArrayList.forEach(ArrayList.java:1255)
... Removed 27 stack frames]]>
    </failure>
  </testcase> <!-- send_Receive_New_Msg_Parent_to_Teacher -->
  <testcase name="Parent_Receive_Push_Notification" time="87.524" classname="com.ude.portalen.testcases.TC_UDEMA_1985_New">
    <failure type="java.lang.NullPointerException">
      <![CDATA[java.lang.NullPointerException
at com.ude.portalen.generic.Base_Class.captureScreenExtent(Base_Class.java:201)
at com.ude.portalen.testcases.TC_UDEMA_1985_New.Parent_Receive_Push_Notification(TC_UDEMA_1985_New.java:152)
at java.util.ArrayList.forEach(ArrayList.java:1255)
... Removed 27 stack frames]]>
    </failure>
  </testcase> <!-- Parent_Receive_Push_Notification -->
  <testcase name="send_reply_from_student_to_teacher" time="98.249" classname="com.ude.portalen.testcases.TC_UDEMA_1990_TC002"/>
  <testcase name="teacher_Receive_Push_Notification" time="0.0" classname="com.ude.portalen.testcases.TC_UDEMA_1985_New">
    <ignored/>
  </testcase> <!-- teacher_Receive_Push_Notification -->
  <testcase name="Student_Receive_Push_Notification" time="0.0" classname="com.ude.portalen.testcases.TC_UDEMA_1985_New">
    <ignored/>
  </testcase> <!-- Student_Receive_Push_Notification -->
</testsuite> <!-- Notifications -->
