<?xml version="1.0" encoding="UTF-8"?>
<!-- Generated by org.testng.reporters.JUnitXMLReporter -->
<testsuite hostname="Manjunaths-MacBook-Air.local" ignored="0" name="Notifications" tests="15" failures="0" timestamp="2020-06-15T16:00:48 IST" time="5332.35" errors="0">
  <testcase name="send_Receive_New_Message_with_Svar_Av" time="406.416" classname="com.ude.portalen.testcases.TC_UDEMA_1984_TC001"/>
  <testcase name="send_Receive_New_Message_with_Spørsmål" time="431.737" classname="com.ude.portalen.testcases.TC_UDEMA_1984_TC003"/>
  <testcase name="send_Receive_New_SMS_melding" time="400.727" classname="com.ude.portalen.testcases.TC_UDEMA_1984_TC004"/>
  <testcase name="send_Receive_New_Message_to_Teacher" time="366.338" classname="com.ude.portalen.testcases.TC_UDEMA_1984_TC006"/>
  <testcase name="send_Receive_New_Msg_Parent_to_Teacher" time="365.364" classname="com.ude.portalen.testcases.TC_UDEMA_1984_TC007"/>
  <testcase name="send_Receive_New_Msg_Parent_to_Teacher" time="194.107" classname="com.ude.portalen.testcases.TC_UDEMA_1986_TC001"/>
  <testcase name="send_Receive_New_Message_to_Teacher" time="196.728" classname="com.ude.portalen.testcases.TC_UDEMA_1986_TC002"/>
  <testcase name="send_Receive_New_Message_with_Svar_Av" time="235.622" classname="com.ude.portalen.testcases.TC_UDEMA_1986_TC003"/>
  <testcase name="send_Absence_Msg_To_Teacher" time="347.644" classname="com.ude.portalen.testcases.TC_UDEMA_1987"/>
  <testcase name="login_As_Student" time="118.971" classname="com.ude.portalen.testcases.TC_UDEMA_1989_TC001"/>
  <testcase name="login_As_Teacher" time="127.404" classname="com.ude.portalen.testcases.TC_UDEMA_1989_TC002"/>
  <testcase name="login_As_Parent" time="102.139" classname="com.ude.portalen.testcases.TC_UDEMA_1989_TC003"/>
  <testcase name="send_reply_from_teacher_to_student" time="633.769" classname="com.ude.portalen.testcases.TC_UDEMA_1990_TC001"/>
  <testcase name="send_reply_from_student_to_teacher" time="668.094" classname="com.ude.portalen.testcases.TC_UDEMA_1990_TC002"/>
  <testcase name="send_reply_from_teacher_to_parent" time="736.626" classname="com.ude.portalen.testcases.TC_UDEMA_1990_TC003"/>
</testsuite> <!-- Notifications -->
