<?xml version="1.0" encoding="UTF-8"?>
<!-- Generated by org.testng.reporters.JUnitXMLReporter -->
<testsuite hostname="Manjunaths-MacBook-Air.local" ignored="0" name="Notifications" tests="9" failures="3" timestamp="2020-06-19T10:19:26 IST" time="1193.859" errors="0">
  <testcase name="Parent_Receive_Push_Notification" time="70.806" classname="com.ude.portalen.testcases.TC_UDEMA_1983">
    <failure type="java.lang.NullPointerException">
      <![CDATA[java.lang.NullPointerException
at com.ude.portalen.generic.Base_Class.captureScreenExtent(Base_Class.java:186)
at com.ude.portalen.testcases.TC_UDEMA_1983.Parent_Receive_Push_Notification(TC_UDEMA_1983.java:148)
at java.util.ArrayList.forEach(ArrayList.java:1255)
... Removed 27 stack frames]]>
    </failure>
  </testcase> <!-- Parent_Receive_Push_Notification -->
  <testcase name="Student_Receive_Push_Notification" time="94.265" classname="com.ude.portalen.testcases.TC_UDEMA_1983"/>
  <testcase name="teacher_Receive_Push_Notification" time="140.624" classname="com.ude.portalen.testcases.TC_UDEMA_1983"/>
  <testcase name="Parent_Receive_Push_Notification" time="60.316" classname="com.ude.portalen.testcases.TC_UDEMA_1985_New">
    <failure type="org.openqa.selenium.NoSuchSessionException" message="Session ID is null. Using WebDriver after calling quit()?
Build info: version: &amp;apos;3.12.0&amp;apos;, revision: &amp;apos;7c6e0b3&amp;apos;, time: &amp;apos;2018-05-08T14:04:26.12Z&amp;apos;
System info: host: &amp;apos;Manjunaths-MacBook-Air.local&amp;apos;, ip: &amp;apos;fe80:0:0:0:c8e:9407:8b33:f291%en0&amp;apos;, os.name: &amp;apos;Mac OS X&amp;apos;, os.arch: &amp;apos;x86_64&amp;apos;, os.version: &amp;apos;10.15.3&amp;apos;, java.version: &amp;apos;1.8.0_151&amp;apos;
Driver info: driver.version: RemoteWebDriver">
      <![CDATA[org.openqa.selenium.NoSuchSessionException: Session ID is null. Using WebDriver after calling quit()?
Build info: version: '3.12.0', revision: '7c6e0b3', time: '2018-05-08T14:04:26.12Z'
System info: host: 'Manjunaths-MacBook-Air.local', ip: 'fe80:0:0:0:c8e:9407:8b33:f291%en0', os.name: 'Mac OS X', os.arch: 'x86_64', os.version: '10.15.3', java.version: '1.8.0_151'
Driver info: driver.version: RemoteWebDriver
at org.openqa.selenium.remote.HttpCommandExecutor.execute(HttpCommandExecutor.java:125)
at io.appium.java_client.remote.AppiumCommandExecutor.execute(AppiumCommandExecutor.java:231)
at org.openqa.selenium.remote.RemoteWebDriver.execute(RemoteWebDriver.java:543)
at io.appium.java_client.DefaultGenericMobileDriver.execute(DefaultGenericMobileDriver.java:46)
at io.appium.java_client.AppiumDriver.execute(AppiumDriver.java:1)
at io.appium.java_client.android.AndroidDriver.execute(AndroidDriver.java:1)
at org.openqa.selenium.remote.RemoteWebDriver.getScreenshotAs(RemoteWebDriver.java:289)
at com.ude.portalen.generic.Base_Class.captureScreenExtent(Base_Class.java:186)
at com.ude.portalen.testcases.TC_UDEMA_1985_New.Parent_Receive_Push_Notification(TC_UDEMA_1985_New.java:152)
at java.util.ArrayList.forEach(ArrayList.java:1255)
... Removed 27 stack frames]]>
    </failure>
  </testcase> <!-- Parent_Receive_Push_Notification -->
  <testcase name="Student_Receive_Push_Notification" time="195.516" classname="com.ude.portalen.testcases.TC_UDEMA_1985_New"/>
  <testcase name="teacher_Receive_Push_Notification" time="116.542" classname="com.ude.portalen.testcases.TC_UDEMA_1985_New"/>
  <testcase name="Parent_Receive_Push_Notification" time="194.974" classname="com.ude.portalen.testcases.TC_UDEMA_1988">
    <failure type="org.openqa.selenium.NoSuchSessionException" message="Session ID is null. Using WebDriver after calling quit()?
Build info: version: &amp;apos;3.12.0&amp;apos;, revision: &amp;apos;7c6e0b3&amp;apos;, time: &amp;apos;2018-05-08T14:04:26.12Z&amp;apos;
System info: host: &amp;apos;Manjunaths-MacBook-Air.local&amp;apos;, ip: &amp;apos;fe80:0:0:0:c8e:9407:8b33:f291%en0&amp;apos;, os.name: &amp;apos;Mac OS X&amp;apos;, os.arch: &amp;apos;x86_64&amp;apos;, os.version: &amp;apos;10.15.3&amp;apos;, java.version: &amp;apos;1.8.0_151&amp;apos;
Driver info: driver.version: RemoteWebDriver">
      <![CDATA[org.openqa.selenium.NoSuchSessionException: Session ID is null. Using WebDriver after calling quit()?
Build info: version: '3.12.0', revision: '7c6e0b3', time: '2018-05-08T14:04:26.12Z'
System info: host: 'Manjunaths-MacBook-Air.local', ip: 'fe80:0:0:0:c8e:9407:8b33:f291%en0', os.name: 'Mac OS X', os.arch: 'x86_64', os.version: '10.15.3', java.version: '1.8.0_151'
Driver info: driver.version: RemoteWebDriver
at org.openqa.selenium.remote.HttpCommandExecutor.execute(HttpCommandExecutor.java:125)
at io.appium.java_client.remote.AppiumCommandExecutor.execute(AppiumCommandExecutor.java:231)
at org.openqa.selenium.remote.RemoteWebDriver.execute(RemoteWebDriver.java:543)
at io.appium.java_client.DefaultGenericMobileDriver.execute(DefaultGenericMobileDriver.java:46)
at io.appium.java_client.AppiumDriver.execute(AppiumDriver.java:1)
at io.appium.java_client.android.AndroidDriver.execute(AndroidDriver.java:1)
at org.openqa.selenium.remote.RemoteWebDriver.getScreenshotAs(RemoteWebDriver.java:289)
at com.ude.portalen.generic.Base_Class.captureScreenExtent(Base_Class.java:186)
at com.ude.portalen.testcases.TC_UDEMA_1988.Parent_Receive_Push_Notification(TC_UDEMA_1988.java:302)
at java.util.ArrayList.forEach(ArrayList.java:1255)
... Removed 27 stack frames]]>
    </failure>
  </testcase> <!-- Parent_Receive_Push_Notification -->
  <testcase name="Student_Receive_Push_Notification" time="188.745" classname="com.ude.portalen.testcases.TC_UDEMA_1988"/>
  <testcase name="teacher_Receive_Push_Notification" time="126.424" classname="com.ude.portalen.testcases.TC_UDEMA_1988"/>
</testsuite> <!-- Notifications -->
