<?xml version="1.0" encoding="UTF-8"?>
<!-- Generated by org.testng.reporters.JUnitXMLReporter -->
<testsuite hostname="UDE-CGIs-MacBook-Air.local" ignored="0" name="Functional" tests="5" failures="0" timestamp="2020-01-31T11:15:21 IST" time="982.45" errors="0">
  <testcase name="send_Receive_New_Message_with_Lesebekreftelse" time="425.277" classname="com.ude.portalen.testcases.TC_UDEMA_1984"/>
  <testcase name="send_Receive_New_Message_with_Svar_Av" time="212.709" classname="com.ude.portalen.testcases.TC_UDEMA_1984"/>
  <testcase name="login_As_Parent" time="145.745" classname="com.ude.portalen.testcases.TC_UDEMA_1989"/>
  <testcase name="login_As_Student" time="95.55" classname="com.ude.portalen.testcases.TC_UDEMA_1989"/>
  <testcase name="login_As_Teacher" time="102.907" classname="com.ude.portalen.testcases.TC_UDEMA_1989"/>
</testsuite> <!-- Functional -->
